<?xml version="1.0" encoding="UTF-8"?>
<testsuite xmlns:xsi="http://www.w3.org/2001/XMLSchema-instance" xsi:noNamespaceSchemaLocation="https://maven.apache.org/surefire/maven-surefire-plugin/xsd/surefire-test-report-3.0.xsd" version="3.0" name="TestSuite" time="81.504" tests="3" errors="0" skipped="0" failures="0">
  <properties>
[...]
</properties>
  <testcase name="login_ActiTime" classname="Common.CommonTest" time="2.044">
    <system-out><![CDATA[onTestStart=> login_ActiTime
]]></system-out>
    <system-err><![CDATA[Starting ChromeDriver 102.0.5005.61 (0e59bcc00cc4985ce39ad31c150065f159d95ad3-refs/branch-heads/5005@{#819}) on port 19072
Only local connections are allowed.
Please see https://chromedriver.chromium.org/security-considerations for suggestions on keeping ChromeDriver safe.
ChromeDriver was started successfully.
Jun 28, 2022 7:42:27 AM org.openqa.selenium.remote.ProtocolHandshake createSession
INFO: Detected dialect: W3C
]]></system-err>
  </testcase>
  <testcase name="user" classname="Users.User" time="42.512">
    <system-out><![CDATA[onTestSuccess => login_ActiTime
onTestStart=> user
2022-06-28 07:42:58.847
]]></system-out>
  </testcase>
  <testcase name="report" classname="ReportsMod.ReportCreate" time="13.008">
    <system-out><![CDATA[onTestSuccess => user
onTestStart=> report
]]></system-out>
  </testcase>
</testsuite>