<?xml version="1.0" encoding="UTF-8"?>
<testng-results ignored="6" total="9" passed="3" failed="0" skipped="0">
  <reporter-output>
  </reporter-output>
  <suite started-at="2022-06-28T07:42:35 IST" name="ActiTime_Suite" finished-at="2022-06-28T07:43:33 IST" duration-ms="58092">
    <groups>
    </groups>
    <test started-at="2022-06-28T07:42:35 IST" name="Test1" finished-at="2022-06-28T07:43:33 IST" duration-ms="58092">
      <class name="ReportsMod.ReportCreate">
        <test-method signature="report()[pri:2, instance:ReportsMod.ReportCreate@561b6512]" started-at="2022-06-28T07:43:20 IST" name="report" finished-at="2022-06-28T07:43:33 IST" duration-ms="12998" status="PASS">
          <reporter-output>
          </reporter-output>
        </test-method> <!-- report -->
      </class> <!-- ReportsMod.ReportCreate -->
      <class name="Common.CommonTest">
        <test-method is-config="true" signature="initSetup()[pri:0, instance:Common.CommonTest@26b3fd41]" started-at="2022-06-28T07:42:16 IST" name="initSetup" finished-at="2022-06-28T07:42:35 IST" duration-ms="19688" status="PASS">
          <reporter-output>
          </reporter-output>
        </test-method> <!-- initSetup -->
        <test-method is-config="true" signature="launching()[pri:0, instance:Common.CommonTest@26b3fd41]" started-at="2022-06-28T07:42:36 IST" name="launching" finished-at="2022-06-28T07:42:36 IST" duration-ms="40" status="PASS">
          <reporter-output>
          </reporter-output>
        </test-method> <!-- launching -->
        <test-method signature="login_ActiTime()[pri:0, instance:Common.CommonTest@26b3fd41]" started-at="2022-06-28T07:42:36 IST" name="login_ActiTime" finished-at="2022-06-28T07:42:38 IST" duration-ms="2040" status="PASS">
          <reporter-output>
          </reporter-output>
        </test-method> <!-- login_ActiTime -->
        <test-method is-config="true" signature="sessionEnd()[pri:0, instance:Common.CommonTest@26b3fd41]" started-at="2022-06-28T07:43:34 IST" name="sessionEnd" finished-at="2022-06-28T07:43:36 IST" duration-ms="1951" status="PASS">
          <reporter-output>
          </reporter-output>
        </test-method> <!-- sessionEnd -->
      </class> <!-- Common.CommonTest -->
      <class name="Users.User">
        <test-method signature="user()[pri:1, instance:Users.User@7494f96a]" started-at="2022-06-28T07:42:38 IST" name="user" finished-at="2022-06-28T07:43:20 IST" duration-ms="42495" status="PASS">
          <reporter-output>
          </reporter-output>
        </test-method> <!-- user -->
      </class> <!-- Users.User -->
    </test> <!-- Test1 -->
  </suite> <!-- ActiTime_Suite -->
</testng-results>
